[0.008s] Invoking command in '/home/sarath/rob_ws/build/articubot_one': CMAKE_PREFIX_PATH=${CMAKE_PREFIX_PATH}:/home/sarath/milox_ws/install/milo_x_description:/opt/ros/humble /usr/bin/cmake /home/sarath/rob_ws/src/robot_one -DCMAKE_INSTALL_PREFIX=/home/sarath/rob_ws/install/articubot_one
[0.029s] -- Found ament_cmake: 1.3.11 (/opt/ros/humble/share/ament_cmake/cmake)
[0.117s] -- Override CMake install command with custom implementation using symlinks instead of copying resources
[0.131s] -- Found ament_lint_auto: 0.12.11 (/opt/ros/humble/share/ament_lint_auto/cmake)
[0.180s] -- Added test 'copyright' to check source files copyright and LICENSE
[0.182s] -- Added test 'flake8' to check Python code syntax and style conventions
[0.182s] -- Added test 'lint_cmake' to check CMake code style
[0.182s] -- Added test 'pep257' to check Python code against some of the docstring style conventions in PEP 257
[0.183s] -- Added test 'xmllint' to check XML markup files
[0.184s] -- Configuring done
[0.189s] -- Generating done
[0.190s] -- Build files have been written to: /home/sarath/rob_ws/build/articubot_one
[0.193s] Invoked command in '/home/sarath/rob_ws/build/articubot_one' returned '0': CMAKE_PREFIX_PATH=${CMAKE_PREFIX_PATH}:/home/sarath/milox_ws/install/milo_x_description:/opt/ros/humble /usr/bin/cmake /home/sarath/rob_ws/src/robot_one -DCMAKE_INSTALL_PREFIX=/home/sarath/rob_ws/install/articubot_one
[0.193s] Invoking command in '/home/sarath/rob_ws/build/articubot_one': CMAKE_PREFIX_PATH=${CMAKE_PREFIX_PATH}:/home/sarath/milox_ws/install/milo_x_description:/opt/ros/humble /usr/bin/cmake --build /home/sarath/rob_ws/build/articubot_one -- -j16 -l16
[0.225s] Invoked command in '/home/sarath/rob_ws/build/articubot_one' returned '0': CMAKE_PREFIX_PATH=${CMAKE_PREFIX_PATH}:/home/sarath/milox_ws/install/milo_x_description:/opt/ros/humble /usr/bin/cmake --build /home/sarath/rob_ws/build/articubot_one -- -j16 -l16
[0.231s] Invoking command in '/home/sarath/rob_ws/build/articubot_one': CMAKE_PREFIX_PATH=${CMAKE_PREFIX_PATH}:/home/sarath/milox_ws/install/milo_x_description:/opt/ros/humble /usr/bin/cmake --install /home/sarath/rob_ws/build/articubot_one
[0.238s] -- Install configuration: ""
[0.238s] -- Execute custom install script
[0.239s] -- Up-to-date symlink: /home/sarath/rob_ws/install/articubot_one/share/articubot_one/config/drive_bot.rviz
[0.239s] -- Up-to-date symlink: /home/sarath/rob_ws/install/articubot_one/share/articubot_one/config/empty.yaml
[0.239s] -- Up-to-date symlink: /home/sarath/rob_ws/install/articubot_one/share/articubot_one/config/view_bot.rviz
[0.239s] -- Up-to-date symlink: /home/sarath/rob_ws/install/articubot_one/share/articubot_one/description/gazebo_control.xacro
[0.239s] -- Up-to-date symlink: /home/sarath/rob_ws/install/articubot_one/share/articubot_one/description/inertial_macros.xacro
[0.239s] -- Up-to-date symlink: /home/sarath/rob_ws/install/articubot_one/share/articubot_one/description/robot.urdf.xacro
[0.239s] -- Up-to-date symlink: /home/sarath/rob_ws/install/articubot_one/share/articubot_one/description/robot_core.xacro
[0.240s] -- Up-to-date symlink: /home/sarath/rob_ws/install/articubot_one/share/articubot_one/launch/launch_sim.launch.py
[0.240s] -- Up-to-date symlink: /home/sarath/rob_ws/install/articubot_one/share/articubot_one/launch/rsp.launch.py
[0.240s] -- Up-to-date symlink: /home/sarath/rob_ws/install/articubot_one/share/articubot_one/worlds/empty.world
[0.240s] -- Up-to-date symlink: /home/sarath/rob_ws/install/articubot_one/share/articubot_one/worlds/obstacles.world
[0.240s] -- Up-to-date symlink: /home/sarath/rob_ws/install/articubot_one/share/ament_index/resource_index/package_run_dependencies/articubot_one
[0.240s] -- Up-to-date symlink: /home/sarath/rob_ws/install/articubot_one/share/ament_index/resource_index/parent_prefix_path/articubot_one
[0.240s] -- Up-to-date symlink: /home/sarath/rob_ws/install/articubot_one/share/articubot_one/environment/ament_prefix_path.sh
[0.240s] -- Up-to-date symlink: /home/sarath/rob_ws/install/articubot_one/share/articubot_one/environment/ament_prefix_path.dsv
[0.240s] -- Up-to-date symlink: /home/sarath/rob_ws/install/articubot_one/share/articubot_one/environment/path.sh
[0.240s] -- Up-to-date symlink: /home/sarath/rob_ws/install/articubot_one/share/articubot_one/environment/path.dsv
[0.241s] -- Up-to-date symlink: /home/sarath/rob_ws/install/articubot_one/share/articubot_one/local_setup.bash
[0.241s] -- Up-to-date symlink: /home/sarath/rob_ws/install/articubot_one/share/articubot_one/local_setup.sh
[0.241s] -- Up-to-date symlink: /home/sarath/rob_ws/install/articubot_one/share/articubot_one/local_setup.zsh
[0.241s] -- Up-to-date symlink: /home/sarath/rob_ws/install/articubot_one/share/articubot_one/local_setup.dsv
[0.241s] -- Symlinking: /home/sarath/rob_ws/install/articubot_one/share/articubot_one/package.dsv
[0.246s] -- Up-to-date symlink: /home/sarath/rob_ws/install/articubot_one/share/ament_index/resource_index/packages/articubot_one
[0.247s] -- Up-to-date symlink: /home/sarath/rob_ws/install/articubot_one/share/articubot_one/cmake/articubot_oneConfig.cmake
[0.247s] -- Up-to-date symlink: /home/sarath/rob_ws/install/articubot_one/share/articubot_one/cmake/articubot_oneConfig-version.cmake
[0.247s] -- Up-to-date symlink: /home/sarath/rob_ws/install/articubot_one/share/articubot_one/package.xml
[0.248s] Invoked command in '/home/sarath/rob_ws/build/articubot_one' returned '0': CMAKE_PREFIX_PATH=${CMAKE_PREFIX_PATH}:/home/sarath/milox_ws/install/milo_x_description:/opt/ros/humble /usr/bin/cmake --install /home/sarath/rob_ws/build/articubot_one
