[0.093s] DEBUG:colcon:Command line arguments: ['/usr/bin/colcon', 'list', '-p', '--base-paths', '/home/sarath/rob_ws']
[0.093s] DEBUG:colcon:Parsed command line arguments: Namespace(log_base=None, log_level=None, verb_name='list', build_base='build', ignore_user_meta=False, metas=['./colcon.meta'], base_paths=['/home/sarath/rob_ws'], packages_ignore=None, packages_ignore_regex=None, paths=None, packages_up_to=None, packages_up_to_regex=None, packages_above=None, packages_above_and_dependencies=None, packages_above_depth=None, packages_select_by_dep=None, packages_skip_by_dep=None, packages_skip_up_to=None, packages_select_build_failed=False, packages_skip_build_finished=False, packages_select_test_failures=False, packages_skip_test_passed=False, packages_select=None, packages_skip=None, packages_select_regex=None, packages_skip_regex=None, packages_start=None, packages_end=None, allow_overriding=[], topological_order=False, names_only=False, paths_only=True, topological_graph=False, topological_graph_dot=False, topological_graph_density=False, topological_graph_legend=False, topological_graph_dot_cluster=False, topological_graph_dot_include_skipped=False, mixin_files=None, mixin=None, verb_parser=<colcon_mixin.mixin.mixin_argument.MixinArgumentDecorator object at 0x75fe16663430>, verb_extension=<colcon_package_information.verb.list.ListVerb object at 0x75fe1676b700>, main=<bound method ListVerb.main of <colcon_package_information.verb.list.ListVerb object at 0x75fe1676b700>>, mixin_verb=('list',))
[0.218s] Level 1:colcon.colcon_core.package_discovery:discover_packages(colcon_meta) check parameters
[0.218s] Level 1:colcon.colcon_core.package_discovery:discover_packages(recursive) check parameters
[0.218s] Level 1:colcon.colcon_core.package_discovery:discover_packages(ignore) check parameters
[0.218s] Level 1:colcon.colcon_core.package_discovery:discover_packages(path) check parameters
[0.219s] Level 1:colcon.colcon_core.package_discovery:discover_packages(recursive) discover
[0.219s] INFO:colcon.colcon_core.package_discovery:Crawling recursively for packages in '/home/sarath/rob_ws'
[0.219s] Level 1:colcon.colcon_core.package_identification:_identify(/home/sarath/rob_ws) by extensions ['ignore', 'ignore_ament_install']
[0.219s] Level 1:colcon.colcon_core.package_identification:_identify(/home/sarath/rob_ws) by extension 'ignore'
[0.219s] Level 1:colcon.colcon_core.package_identification:_identify(/home/sarath/rob_ws) by extension 'ignore_ament_install'
[0.219s] Level 1:colcon.colcon_core.package_identification:_identify(/home/sarath/rob_ws) by extensions ['colcon_pkg']
[0.219s] Level 1:colcon.colcon_core.package_identification:_identify(/home/sarath/rob_ws) by extension 'colcon_pkg'
[0.219s] Level 1:colcon.colcon_core.package_identification:_identify(/home/sarath/rob_ws) by extensions ['colcon_meta']
[0.219s] Level 1:colcon.colcon_core.package_identification:_identify(/home/sarath/rob_ws) by extension 'colcon_meta'
[0.219s] Level 1:colcon.colcon_core.package_identification:_identify(/home/sarath/rob_ws) by extensions ['ros']
[0.219s] Level 1:colcon.colcon_core.package_identification:_identify(/home/sarath/rob_ws) by extension 'ros'
[0.228s] Level 1:colcon.colcon_core.package_identification:_identify(/home/sarath/rob_ws) by extensions ['cmake', 'python']
[0.228s] Level 1:colcon.colcon_core.package_identification:_identify(/home/sarath/rob_ws) by extension 'cmake'
[0.228s] Level 1:colcon.colcon_core.package_identification:_identify(/home/sarath/rob_ws) by extension 'python'
[0.228s] Level 1:colcon.colcon_core.package_identification:_identify(/home/sarath/rob_ws) by extensions ['python_setup_py']
[0.228s] Level 1:colcon.colcon_core.package_identification:_identify(/home/sarath/rob_ws) by extension 'python_setup_py'
[0.229s] Level 1:colcon.colcon_core.package_identification:_identify(/home/sarath/rob_ws/build) by extensions ['ignore', 'ignore_ament_install']
[0.229s] Level 1:colcon.colcon_core.package_identification:_identify(/home/sarath/rob_ws/build) by extension 'ignore'
[0.229s] Level 1:colcon.colcon_core.package_identification:_identify(/home/sarath/rob_ws/build) ignored
[0.229s] Level 1:colcon.colcon_core.package_identification:_identify(/home/sarath/rob_ws/install) by extensions ['ignore', 'ignore_ament_install']
[0.229s] Level 1:colcon.colcon_core.package_identification:_identify(/home/sarath/rob_ws/install) by extension 'ignore'
[0.229s] Level 1:colcon.colcon_core.package_identification:_identify(/home/sarath/rob_ws/install) ignored
[0.229s] Level 1:colcon.colcon_core.package_identification:_identify(/home/sarath/rob_ws/log) by extensions ['ignore', 'ignore_ament_install']
[0.229s] Level 1:colcon.colcon_core.package_identification:_identify(/home/sarath/rob_ws/log) by extension 'ignore'
[0.229s] Level 1:colcon.colcon_core.package_identification:_identify(/home/sarath/rob_ws/log) ignored
[0.229s] Level 1:colcon.colcon_core.package_identification:_identify(/home/sarath/rob_ws/src) by extensions ['ignore', 'ignore_ament_install']
[0.229s] Level 1:colcon.colcon_core.package_identification:_identify(/home/sarath/rob_ws/src) by extension 'ignore'
[0.229s] Level 1:colcon.colcon_core.package_identification:_identify(/home/sarath/rob_ws/src) by extension 'ignore_ament_install'
[0.229s] Level 1:colcon.colcon_core.package_identification:_identify(/home/sarath/rob_ws/src) by extensions ['colcon_pkg']
[0.229s] Level 1:colcon.colcon_core.package_identification:_identify(/home/sarath/rob_ws/src) by extension 'colcon_pkg'
[0.229s] Level 1:colcon.colcon_core.package_identification:_identify(/home/sarath/rob_ws/src) by extensions ['colcon_meta']
[0.229s] Level 1:colcon.colcon_core.package_identification:_identify(/home/sarath/rob_ws/src) by extension 'colcon_meta'
[0.229s] Level 1:colcon.colcon_core.package_identification:_identify(/home/sarath/rob_ws/src) by extensions ['ros']
[0.229s] Level 1:colcon.colcon_core.package_identification:_identify(/home/sarath/rob_ws/src) by extension 'ros'
[0.230s] Level 1:colcon.colcon_core.package_identification:_identify(/home/sarath/rob_ws/src) by extensions ['cmake', 'python']
[0.230s] Level 1:colcon.colcon_core.package_identification:_identify(/home/sarath/rob_ws/src) by extension 'cmake'
[0.230s] Level 1:colcon.colcon_core.package_identification:_identify(/home/sarath/rob_ws/src) by extension 'python'
[0.230s] Level 1:colcon.colcon_core.package_identification:_identify(/home/sarath/rob_ws/src) by extensions ['python_setup_py']
[0.230s] Level 1:colcon.colcon_core.package_identification:_identify(/home/sarath/rob_ws/src) by extension 'python_setup_py'
[0.230s] Level 1:colcon.colcon_core.package_identification:_identify(/home/sarath/rob_ws/src/robot) by extensions ['ignore', 'ignore_ament_install']
[0.230s] Level 1:colcon.colcon_core.package_identification:_identify(/home/sarath/rob_ws/src/robot) by extension 'ignore'
[0.230s] Level 1:colcon.colcon_core.package_identification:_identify(/home/sarath/rob_ws/src/robot) by extension 'ignore_ament_install'
[0.230s] Level 1:colcon.colcon_core.package_identification:_identify(/home/sarath/rob_ws/src/robot) by extensions ['colcon_pkg']
[0.230s] Level 1:colcon.colcon_core.package_identification:_identify(/home/sarath/rob_ws/src/robot) by extension 'colcon_pkg'
[0.230s] Level 1:colcon.colcon_core.package_identification:_identify(/home/sarath/rob_ws/src/robot) by extensions ['colcon_meta']
[0.230s] Level 1:colcon.colcon_core.package_identification:_identify(/home/sarath/rob_ws/src/robot) by extension 'colcon_meta'
[0.230s] Level 1:colcon.colcon_core.package_identification:_identify(/home/sarath/rob_ws/src/robot) by extensions ['ros']
[0.230s] Level 1:colcon.colcon_core.package_identification:_identify(/home/sarath/rob_ws/src/robot) by extension 'ros'
[0.230s] Level 1:colcon.colcon_core.package_identification:_identify(/home/sarath/rob_ws/src/robot) by extensions ['cmake', 'python']
[0.230s] Level 1:colcon.colcon_core.package_identification:_identify(/home/sarath/rob_ws/src/robot) by extension 'cmake'
[0.230s] Level 1:colcon.colcon_core.package_identification:_identify(/home/sarath/rob_ws/src/robot) by extension 'python'
[0.230s] Level 1:colcon.colcon_core.package_identification:_identify(/home/sarath/rob_ws/src/robot) by extensions ['python_setup_py']
[0.230s] Level 1:colcon.colcon_core.package_identification:_identify(/home/sarath/rob_ws/src/robot) by extension 'python_setup_py'
[0.230s] Level 1:colcon.colcon_core.package_identification:_identify(/home/sarath/rob_ws/src/robot/launch) by extensions ['ignore', 'ignore_ament_install']
[0.230s] Level 1:colcon.colcon_core.package_identification:_identify(/home/sarath/rob_ws/src/robot/launch) by extension 'ignore'
[0.230s] Level 1:colcon.colcon_core.package_identification:_identify(/home/sarath/rob_ws/src/robot/launch) by extension 'ignore_ament_install'
[0.230s] Level 1:colcon.colcon_core.package_identification:_identify(/home/sarath/rob_ws/src/robot/launch) by extensions ['colcon_pkg']
[0.230s] Level 1:colcon.colcon_core.package_identification:_identify(/home/sarath/rob_ws/src/robot/launch) by extension 'colcon_pkg'
[0.230s] Level 1:colcon.colcon_core.package_identification:_identify(/home/sarath/rob_ws/src/robot/launch) by extensions ['colcon_meta']
[0.230s] Level 1:colcon.colcon_core.package_identification:_identify(/home/sarath/rob_ws/src/robot/launch) by extension 'colcon_meta'
[0.230s] Level 1:colcon.colcon_core.package_identification:_identify(/home/sarath/rob_ws/src/robot/launch) by extensions ['ros']
[0.230s] Level 1:colcon.colcon_core.package_identification:_identify(/home/sarath/rob_ws/src/robot/launch) by extension 'ros'
[0.230s] Level 1:colcon.colcon_core.package_identification:_identify(/home/sarath/rob_ws/src/robot/launch) by extensions ['cmake', 'python']
[0.230s] Level 1:colcon.colcon_core.package_identification:_identify(/home/sarath/rob_ws/src/robot/launch) by extension 'cmake'
[0.230s] Level 1:colcon.colcon_core.package_identification:_identify(/home/sarath/rob_ws/src/robot/launch) by extension 'python'
[0.231s] Level 1:colcon.colcon_core.package_identification:_identify(/home/sarath/rob_ws/src/robot/launch) by extensions ['python_setup_py']
[0.231s] Level 1:colcon.colcon_core.package_identification:_identify(/home/sarath/rob_ws/src/robot/launch) by extension 'python_setup_py'
[0.231s] Level 1:colcon.colcon_core.package_identification:_identify(/home/sarath/rob_ws/src/robot_one) by extensions ['ignore', 'ignore_ament_install']
[0.231s] Level 1:colcon.colcon_core.package_identification:_identify(/home/sarath/rob_ws/src/robot_one) by extension 'ignore'
[0.231s] Level 1:colcon.colcon_core.package_identification:_identify(/home/sarath/rob_ws/src/robot_one) by extension 'ignore_ament_install'
[0.231s] Level 1:colcon.colcon_core.package_identification:_identify(/home/sarath/rob_ws/src/robot_one) by extensions ['colcon_pkg']
[0.231s] Level 1:colcon.colcon_core.package_identification:_identify(/home/sarath/rob_ws/src/robot_one) by extension 'colcon_pkg'
[0.231s] Level 1:colcon.colcon_core.package_identification:_identify(/home/sarath/rob_ws/src/robot_one) by extensions ['colcon_meta']
[0.231s] Level 1:colcon.colcon_core.package_identification:_identify(/home/sarath/rob_ws/src/robot_one) by extension 'colcon_meta'
[0.231s] Level 1:colcon.colcon_core.package_identification:_identify(/home/sarath/rob_ws/src/robot_one) by extensions ['ros']
[0.231s] Level 1:colcon.colcon_core.package_identification:_identify(/home/sarath/rob_ws/src/robot_one) by extension 'ros'
[0.233s] DEBUG:colcon.colcon_core.package_identification:Package '/home/sarath/rob_ws/src/robot_one' with type 'ros.ament_cmake' and name 'articubot_one'
[0.233s] Level 1:colcon.colcon_core.package_discovery:discover_packages(recursive) using defaults
