[0.007s] Invoking command in '/home/sarath/rob_ws/build/articubot_one': CMAKE_PREFIX_PATH=${CMAKE_PREFIX_PATH}:/home/sarath/milox_ws/install/milo_x_description:/opt/ros/humble /usr/bin/cmake --build /home/sarath/rob_ws/build/articubot_one -- -j16 -l16
[0.022s] -- Found ament_cmake: 1.3.11 (/opt/ros/humble/share/ament_cmake/cmake)
[0.101s] -- Override CMake install command with custom implementation using symlinks instead of copying resources
[0.104s] -- Found ament_lint_auto: 0.12.11 (/opt/ros/humble/share/ament_lint_auto/cmake)
[0.145s] -- Added test 'copyright' to check source files copyright and LICENSE
[0.147s] -- Added test 'flake8' to check Python code syntax and style conventions
[0.147s] -- Added test 'lint_cmake' to check CMake code style
[0.147s] -- Added test 'pep257' to check Python code against some of the docstring style conventions in PEP 257
[0.147s] -- Added test 'xmllint' to check XML markup files
[0.148s] -- Configuring done
[0.149s] -- Generating done
[0.150s] -- Build files have been written to: /home/sarath/rob_ws/build/articubot_one
[0.164s] Invoked command in '/home/sarath/rob_ws/build/articubot_one' returned '0': CMAKE_PREFIX_PATH=${CMAKE_PREFIX_PATH}:/home/sarath/milox_ws/install/milo_x_description:/opt/ros/humble /usr/bin/cmake --build /home/sarath/rob_ws/build/articubot_one -- -j16 -l16
[0.172s] Invoking command in '/home/sarath/rob_ws/build/articubot_one': CMAKE_PREFIX_PATH=${CMAKE_PREFIX_PATH}:/home/sarath/milox_ws/install/milo_x_description:/opt/ros/humble /usr/bin/cmake --install /home/sarath/rob_ws/build/articubot_one
[0.178s] -- Install configuration: ""
[0.178s] -- Execute custom install script
[0.179s] -- Up-to-date symlink: /home/sarath/rob_ws/install/articubot_one/share/articubot_one/config/drive_bot.rviz
[0.179s] -- Up-to-date symlink: /home/sarath/rob_ws/install/articubot_one/share/articubot_one/config/empty.yaml
[0.179s] -- Up-to-date symlink: /home/sarath/rob_ws/install/articubot_one/share/articubot_one/config/view_bot.rviz
[0.179s] -- Up-to-date symlink: /home/sarath/rob_ws/install/articubot_one/share/articubot_one/description/gazebo_control.xacro
[0.179s] -- Up-to-date symlink: /home/sarath/rob_ws/install/articubot_one/share/articubot_one/description/inertial_macros.xacro
[0.179s] -- Up-to-date symlink: /home/sarath/rob_ws/install/articubot_one/share/articubot_one/description/robot.urdf.xacro
[0.179s] -- Up-to-date symlink: /home/sarath/rob_ws/install/articubot_one/share/articubot_one/description/robot_core.xacro
[0.179s] -- Up-to-date symlink: /home/sarath/rob_ws/install/articubot_one/share/articubot_one/launch/launch_sim.launch.py
[0.179s] -- Up-to-date symlink: /home/sarath/rob_ws/install/articubot_one/share/articubot_one/launch/rsp.launch.py
[0.179s] -- Up-to-date symlink: /home/sarath/rob_ws/install/articubot_one/share/articubot_one/worlds/empty.world
[0.179s] -- Up-to-date symlink: /home/sarath/rob_ws/install/articubot_one/share/articubot_one/worlds/obstacles.world
[0.179s] -- Up-to-date symlink: /home/sarath/rob_ws/install/articubot_one/share/ament_index/resource_index/package_run_dependencies/articubot_one
[0.179s] -- Up-to-date symlink: /home/sarath/rob_ws/install/articubot_one/share/ament_index/resource_index/parent_prefix_path/articubot_one
[0.179s] -- Up-to-date symlink: /home/sarath/rob_ws/install/articubot_one/share/articubot_one/environment/ament_prefix_path.sh
[0.180s] -- Up-to-date symlink: /home/sarath/rob_ws/install/articubot_one/share/articubot_one/environment/ament_prefix_path.dsv
[0.180s] -- Up-to-date symlink: /home/sarath/rob_ws/install/articubot_one/share/articubot_one/environment/path.sh
[0.180s] -- Up-to-date symlink: /home/sarath/rob_ws/install/articubot_one/share/articubot_one/environment/path.dsv
[0.180s] -- Up-to-date symlink: /home/sarath/rob_ws/install/articubot_one/share/articubot_one/local_setup.bash
[0.180s] -- Up-to-date symlink: /home/sarath/rob_ws/install/articubot_one/share/articubot_one/local_setup.sh
[0.180s] -- Up-to-date symlink: /home/sarath/rob_ws/install/articubot_one/share/articubot_one/local_setup.zsh
[0.180s] -- Up-to-date symlink: /home/sarath/rob_ws/install/articubot_one/share/articubot_one/local_setup.dsv
[0.180s] -- Symlinking: /home/sarath/rob_ws/install/articubot_one/share/articubot_one/package.dsv
[0.185s] -- Up-to-date symlink: /home/sarath/rob_ws/install/articubot_one/share/ament_index/resource_index/packages/articubot_one
[0.185s] -- Up-to-date symlink: /home/sarath/rob_ws/install/articubot_one/share/articubot_one/cmake/articubot_oneConfig.cmake
[0.185s] -- Up-to-date symlink: /home/sarath/rob_ws/install/articubot_one/share/articubot_one/cmake/articubot_oneConfig-version.cmake
[0.185s] -- Up-to-date symlink: /home/sarath/rob_ws/install/articubot_one/share/articubot_one/package.xml
[0.186s] Invoked command in '/home/sarath/rob_ws/build/articubot_one' returned '0': CMAKE_PREFIX_PATH=${CMAKE_PREFIX_PATH}:/home/sarath/milox_ws/install/milo_x_description:/opt/ros/humble /usr/bin/cmake --install /home/sarath/rob_ws/build/articubot_one
